

Microchip Technology PIC18 LITE Macro Assembler V1.45 build -152302408 
                                                                                               Tue Jun 25 12:38:58 2019

Microchip Technology Omniscient Code Generator v1.45 (Free mode) build 201711160504
     1                           	processor	18F4550
     2                           	fnconf	rparam,??,?,0
     3                           	opt	pw 120
     4                           	opt	lm
     5                           	psect	cinit,global,reloc=2,class=CODE,delta=1
     6                           	psect	cstackCOMRAM,global,class=COMRAM,space=1,delta=1,noexec
     7                           	psect	text0,global,reloc=2,class=CODE,delta=1
     8                           	psect	text1,global,reloc=2,class=CODE,delta=1
     9                           	psect	intsave_regs,global,class=BIGRAM,space=1,delta=1,noexec
    10                           	psect	rparam,global,class=COMRAM,space=1,delta=1,noexec
    11  0000                     
    12                           ; Version 1.45
    13                           ; Generated 16/11/2017 GMT
    14                           ; 
    15                           ; Copyright © 2017, Microchip Technology Inc. and its subsidiaries ("Microchip")
    16                           ; All rights reserved.
    17                           ; 
    18                           ; This software is developed by Microchip Technology Inc. and its subsidiaries ("Microch
      +                          ip").
    19                           ; 
    20                           ; Redistribution and use in source and binary forms, with or without modification, are
    21                           ; permitted provided that the following conditions are met:
    22                           ; 
    23                           ;     1. Redistributions of source code must retain the above copyright notice, this lis
      +                          t of
    24                           ;        conditions and the following disclaimer.
    25                           ; 
    26                           ;     2. Redistributions in binary form must reproduce the above copyright notice, this 
      +                          list
    27                           ;        of conditions and the following disclaimer in the documentation and/or other
    28                           ;        materials provided with the distribution.
    29                           ; 
    30                           ;     3. Microchip's name may not be used to endorse or promote products derived from th
      +                          is
    31                           ;        software without specific prior written permission.
    32                           ; 
    33                           ; THIS SOFTWARE IS PROVIDED BY MICROCHIP "AS IS" AND ANY EXPRESS OR IMPLIED WARRANTIES,
    34                           ; INCLUDING, BUT NOT LIMITED TO, THE IMPLIED WARRANTIES OF MERCHANTABILITY AND FITNESS F
      +                          OR
    35                           ; PURPOSE ARE DISCLAIMED.  IN NO EVENT SHALL MICROCHIP BE LIABLE FOR ANY DIRECT, INDIREC
      +                          T,
    36                           ; INCIDENTAL, SPECIAL, EXEMPLARY, OR CONSEQUENTIAL DAMAGES (INCLUDING BUT NOT LIMITED TO
    37                           ; PROCUREMENT OF SUBSTITUTE GOODS OR SERVICES; LOSS OF USE, DATA OR PROFITS; OR BUSINESS
    38                           ; INTERRUPTION) HOWSOEVER CAUSED AND ON ANY THEORY OF LIABILITY, WHETHER IN CONTRACT, ST
      +                          RICT
    39                           ; LIABILITY, OR TORT (INCLUDING NEGLIGENCE OR OTHERWISE) ARISING IN ANY WAY OUT OF THE U
      +                          SE OF
    40                           ; THIS SOFTWARE, EVEN IF ADVISED OF THE POSSIBILITY OF SUCH DAMAGE.
    41                           ; 
    42                           ; 
    43                           ; Code-generator required, PIC18F4550 Definitions
    44                           ; 
    45                           ; SFR Addresses
    46  0000                     _PORTDbits	set	3971
    47  0000                     _PORTD	set	3971
    48  0000                     _TRISD	set	3989
    49                           
    50                           ; #config settings
    51  0000                     
    52                           	psect	cinit
    53  007F9E                     __pcinit:
    54                           	opt stack 0
    55  007F9E                     start_initialization:
    56                           	opt stack 0
    57  007F9E                     __initialization:
    58                           	opt stack 0
    59  007F9E                     end_of_initialization:
    60                           	opt stack 0
    61  007F9E                     __end_of__initialization:
    62                           	opt stack 0
    63  007F9E  0100               	movlb	0
    64  007FA0  EFD2  F03F         	goto	_main	;jump to C main() function
    65                           
    66                           	psect	cstackCOMRAM
    67  000001                     __pcstackCOMRAM:
    68                           	opt stack 0
    69  000001                     ??_leds_lose_game:
    70  000001                     
    71                           ; 2 bytes @ 0x0
    72  000001                     	ds	2
    73  000003                     
    74                           ; 1 bytes @ 0x2
    75 ;;
    76 ;;Main: autosize = 0, tempsize = 0, incstack = 0, save=0
    77 ;;
    78 ;; *************** function _main *****************
    79 ;; Defined at:
    80 ;;		line 28 in file "main.c"
    81 ;; Parameters:    Size  Location     Type
    82 ;;		None
    83 ;; Auto vars:     Size  Location     Type
    84 ;;		None
    85 ;; Return value:  Size  Location     Type
    86 ;;                  2   14[None  ] int 
    87 ;; Registers used:
    88 ;;		wreg, status,2, cstack
    89 ;; Tracked objects:
    90 ;;		On entry : 0/0
    91 ;;		On exit  : 0/0
    92 ;;		Unchanged: 0/0
    93 ;; Data sizes:     COMRAM   BANK0   BANK1   BANK2   BANK3   BANK4   BANK5   BANK6   BANK7
    94 ;;      Params:         0       0       0       0       0       0       0       0       0
    95 ;;      Locals:         0       0       0       0       0       0       0       0       0
    96 ;;      Temps:          0       0       0       0       0       0       0       0       0
    97 ;;      Totals:         0       0       0       0       0       0       0       0       0
    98 ;;Total ram usage:        0 bytes
    99 ;; Hardware stack levels required when called:    1
   100 ;; This function calls:
   101 ;;		_leds_lose_game
   102 ;; This function is called by:
   103 ;;		Startup code after reset
   104 ;; This function uses a non-reentrant model
   105 ;;
   106                           
   107                           	psect	text0
   108  007FA4                     __ptext0:
   109                           	opt stack 0
   110  007FA4                     _main:
   111                           	opt stack 30
   112                           
   113                           ;main.c: 33: TRISD = 0b00000000;
   114                           
   115                           ;incstack = 0
   116  007FA4  0E00               	movlw	0
   117  007FA6  6E95               	movwf	3989,c	;volatile
   118                           
   119                           ;main.c: 38: PORTD = 0x00;
   120  007FA8  0E00               	movlw	0
   121  007FAA  6E83               	movwf	3971,c	;volatile
   122  007FAC                     
   123                           ;main.c: 42: leds_lose_game();
   124  007FAC  ECD9  F03F         	call	_leds_lose_game	;wreg free
   125  007FB0  D7FD               	goto	l15
   126  007FB2                     __end_of_main:
   127                           	opt stack 0
   128                           
   129 ;; *************** function _leds_lose_game *****************
   130 ;; Defined at:
   131 ;;		line 82 in file "main.c"
   132 ;; Parameters:    Size  Location     Type
   133 ;;		None
   134 ;; Auto vars:     Size  Location     Type
   135 ;;		None
   136 ;; Return value:  Size  Location     Type
   137 ;;                  1    wreg      void 
   138 ;; Registers used:
   139 ;;		wreg
   140 ;; Tracked objects:
   141 ;;		On entry : 0/0
   142 ;;		On exit  : 0/0
   143 ;;		Unchanged: 0/0
   144 ;; Data sizes:     COMRAM   BANK0   BANK1   BANK2   BANK3   BANK4   BANK5   BANK6   BANK7
   145 ;;      Params:         0       0       0       0       0       0       0       0       0
   146 ;;      Locals:         0       0       0       0       0       0       0       0       0
   147 ;;      Temps:          2       0       0       0       0       0       0       0       0
   148 ;;      Totals:         2       0       0       0       0       0       0       0       0
   149 ;;Total ram usage:        2 bytes
   150 ;; Hardware stack levels used:    1
   151 ;; This function calls:
   152 ;;		Nothing
   153 ;; This function is called by:
   154 ;;		_main
   155 ;; This function uses a non-reentrant model
   156 ;;
   157                           
   158                           	psect	text1
   159  007FB2                     __ptext1:
   160                           	opt stack 0
   161  007FB2                     _leds_lose_game:
   162                           	opt stack 30
   163                           
   164                           ;main.c: 83: PORTDbits.RD0 = 1;
   165                           
   166                           ;incstack = 0
   167  007FB2  8083               	bsf	3971,0,c	;volatile
   168                           
   169                           ;main.c: 84: PORTDbits.RD1 = 0;
   170  007FB4  9283               	bcf	3971,1,c	;volatile
   171                           
   172                           ;main.c: 85: PORTDbits.RD2 = 1;
   173  007FB6  8483               	bsf	3971,2,c	;volatile
   174                           
   175                           ;main.c: 86: PORTDbits.RD3 = 0;
   176  007FB8  9683               	bcf	3971,3,c	;volatile
   177                           
   178                           ;main.c: 87: PORTDbits.RD4 = 1;
   179  007FBA  8883               	bsf	3971,4,c	;volatile
   180                           
   181                           ;main.c: 88: PORTDbits.RD5 = 0;
   182  007FBC  9A83               	bcf	3971,5,c	;volatile
   183                           
   184                           ;main.c: 89: PORTDbits.RD6 = 1;
   185  007FBE  8C83               	bsf	3971,6,c	;volatile
   186                           
   187                           ;main.c: 90: PORTDbits.RD7 = 0;
   188  007FC0  9E83               	bcf	3971,7,c	;volatile
   189                           
   190                           ;main.c: 91: _delay((unsigned long)((100)*(20000000/4000.0)));
   191  007FC2  0E03               	movlw	3
   192  007FC4  6E02               	movwf	(??_leds_lose_game+1)& (0+255),c
   193  007FC6  0E8A               	movlw	138
   194  007FC8  6E01               	movwf	??_leds_lose_game& (0+255),c
   195  007FCA  0E56               	movlw	86
   196  007FCC                     u17:
   197  007FCC  2EE8               	decfsz	wreg,f,c
   198  007FCE  D7FE               	bra	u17
   199  007FD0  2E01               	decfsz	??_leds_lose_game& (0+255),f,c
   200  007FD2  D7FC               	bra	u17
   201  007FD4  2E02               	decfsz	(??_leds_lose_game+1)& (0+255),f,c
   202  007FD6  D7FA               	bra	u17
   203                           
   204                           ;main.c: 92: PORTDbits.RD0 = 0;
   205  007FD8  9083               	bcf	3971,0,c	;volatile
   206                           
   207                           ;main.c: 93: PORTDbits.RD1 = 1;
   208  007FDA  8283               	bsf	3971,1,c	;volatile
   209                           
   210                           ;main.c: 94: PORTDbits.RD2 = 0;
   211  007FDC  9483               	bcf	3971,2,c	;volatile
   212                           
   213                           ;main.c: 95: PORTDbits.RD3 = 1;
   214  007FDE  8683               	bsf	3971,3,c	;volatile
   215                           
   216                           ;main.c: 96: PORTDbits.RD4 = 0;
   217  007FE0  9883               	bcf	3971,4,c	;volatile
   218                           
   219                           ;main.c: 97: PORTDbits.RD5 = 1;
   220  007FE2  8A83               	bsf	3971,5,c	;volatile
   221                           
   222                           ;main.c: 98: PORTDbits.RD6 = 0;
   223  007FE4  9C83               	bcf	3971,6,c	;volatile
   224                           
   225                           ;main.c: 99: PORTDbits.RD7 = 1;
   226  007FE6  8E83               	bsf	3971,7,c	;volatile
   227                           
   228                           ;main.c: 100: _delay((unsigned long)((100)*(20000000/4000.0)));
   229  007FE8  0E03               	movlw	3
   230  007FEA  6E02               	movwf	(??_leds_lose_game+1)& (0+255),c
   231  007FEC  0E8A               	movlw	138
   232  007FEE  6E01               	movwf	??_leds_lose_game& (0+255),c
   233  007FF0  0E56               	movlw	86
   234  007FF2                     u27:
   235  007FF2  2EE8               	decfsz	wreg,f,c
   236  007FF4  D7FE               	bra	u27
   237  007FF6  2E01               	decfsz	??_leds_lose_game& (0+255),f,c
   238  007FF8  D7FC               	bra	u27
   239  007FFA  2E02               	decfsz	(??_leds_lose_game+1)& (0+255),f,c
   240  007FFC  D7FA               	bra	u27
   241  007FFE  0012               	return		;funcret
   242  008000                     __end_of_leds_lose_game:
   243                           	opt stack 0
   244  0000                     wreg	equ	0xFE8
   245                           wreg	equ	0xFE8
   246                           
   247                           	psect	rparam
   248  0000                     wreg	equ	0xFE8


Data Sizes:
    Strings     0
    Constant    0
    Data        0
    BSS         0
    Persistent  0
    Stack       0

Auto Spaces:
    Space          Size  Autos    Used
    COMRAM           95      2       2
    BANK0           160      0       0
    BANK1           256      0       0
    BANK2           256      0       0
    BANK3           256      0       0
    BANK4           256      0       0
    BANK5           256      0       0
    BANK6           256      0       0
    BANK7           256      0       0

Pointer List with Targets:

    None.

Critical Paths under _main in COMRAM

    _main->_leds_lose_game

Critical Paths under _main in BANK0

    None.

Critical Paths under _main in BANK1

    None.

Critical Paths under _main in BANK2

    None.

Critical Paths under _main in BANK3

    None.

Critical Paths under _main in BANK4

    None.

Critical Paths under _main in BANK5

    None.

Critical Paths under _main in BANK6

    None.

Critical Paths under _main in BANK7

    None.

Call Graph Tables:

 ---------------------------------------------------------------------------------
 (Depth) Function   	        Calls       Base Space   Used Autos Params    Refs
 ---------------------------------------------------------------------------------
 (0) _main                                                 0     0      0       0
                     _leds_lose_game
 ---------------------------------------------------------------------------------
 (1) _leds_lose_game                                       2     2      0       0
                                              0 COMRAM     2     2      0
 ---------------------------------------------------------------------------------
 Estimated maximum stack depth 1
 ---------------------------------------------------------------------------------

 Call Graph Graphs:

 _main (ROOT)
   _leds_lose_game

 Address spaces:
Name               Size   Autos  Total    Cost      Usage
BITCOMRAM           5F      0       0       0        0.0%
EEDATA             100      0       0       0        0.0%
NULL                 0      0       0       0        0.0%
CODE                 0      0       0       0        0.0%
COMRAM              5F      2       2       1        2.1%
STACK                0      0       0       2        0.0%
DATA                 0      0       0       3        0.0%
BITBANK0            A0      0       0       4        0.0%
BANK0               A0      0       0       5        0.0%
BITBANK1           100      0       0       6        0.0%
BANK1              100      0       0       7        0.0%
BITBANK2           100      0       0       8        0.0%
BANK2              100      0       0       9        0.0%
BITBANK3           100      0       0      10        0.0%
BANK3              100      0       0      11        0.0%
BITBANK4           100      0       0      12        0.0%
BANK4              100      0       0      13        0.0%
BITBANK5           100      0       0      14        0.0%
BANK5              100      0       0      15        0.0%
BITBANK6           100      0       0      16        0.0%
BANK6              100      0       0      17        0.0%
BITBANK7           100      0       0      18        0.0%
BANK7              100      0       0      19        0.0%
ABS                  0      0       0      20        0.0%
BIGRAM             7FF      0       0      21        0.0%
BITSFR               0      0       0     200        0.0%
SFR                  0      0       0     200        0.0%


Microchip Technology PIC18 Macro Assembler V1.45 build -152302408 
Symbol Table                                                                                   Tue Jun 25 12:38:58 2019

                     l15 7FAC                       u17 7FCC                       u27 7FF2  
                    wreg 000FE8             __CFG_FOSC$HS 000000             __CFG_LVP$OFF 000000  
           __CFG_WDT$OFF 000000             __CFG_PWRT$ON 000000  __size_of_leds_lose_game 004E  
                   _main 7FA4                     start 0000            __CFG_MCLRE$ON 000000  
           ___param_bank 000000                    ?_main 0001                    _PORTD 000F83  
                  _TRISD 000F95          __initialization 7F9E             __end_of_main 7FB2  
                 ??_main 0003            __activetblptr 000000           _leds_lose_game 7FB2  
             __accesstop 0060  __end_of__initialization 7F9E          __CFG_PBADEN$OFF 000000  
          ___rparam_used 000001           __pcstackCOMRAM 0001   __end_of_leds_lose_game 8000  
        ?_leds_lose_game 0001                  __Hparam 0000                  __Lparam 0000  
                __pcinit 7F9E                  __ramtop 0800                  __ptext0 7FA4  
                __ptext1 7FB2     end_of_initialization 7F9E                _PORTDbits 000F83  
    start_initialization 7F9E         ??_leds_lose_game 0001                 __Hrparam 0000  
               __Lrparam 0000            __size_of_main 000E    __CFG_CPUDIV$OSC1_PLL2 000000  
